Using pre-set license
Built from '2021.3/release' branch; Version is '2021.3.27f1 (ca3ffb99bcc6) revision 13254651'; Using compiler version '192829333'; Build Type 'Release'
OS: 'Windows 11  (10.0.22621) 64bit Core' Language: 'en' Physical Memory: 7813 MB
BatchMode: 1, IsHumanControllingUs: 0, StartBugReporterOnCrash: 0, Is64bit: 1, IsPro: 1

COMMAND LINE ARGUMENTS:
C:\Program Files\Unity\Hub\Editor\2021.3.27f1\Editor\Unity.exe
-adb2
-batchMode
-noUpm
-name
AssetImportWorker0
-projectPath
C:/Users/danie/Downloads/Leap Piano
-logFile
Logs/AssetImportWorker0.log
-srvPort
60052
Successfully changed project path to: C:/Users/danie/Downloads/Leap Piano
C:/Users/danie/Downloads/Leap Piano
[UnityMemory] Configuration Parameters - Can be set up in boot.config
    "memorysetup-bucket-allocator-granularity=16"
    "memorysetup-bucket-allocator-bucket-count=8"
    "memorysetup-bucket-allocator-block-size=33554432"
    "memorysetup-bucket-allocator-block-count=8"
    "memorysetup-main-allocator-block-size=16777216"
    "memorysetup-thread-allocator-block-size=16777216"
    "memorysetup-gfx-main-allocator-block-size=16777216"
    "memorysetup-gfx-thread-allocator-block-size=16777216"
    "memorysetup-cache-allocator-block-size=4194304"
    "memorysetup-typetree-allocator-block-size=2097152"
    "memorysetup-profiler-bucket-allocator-granularity=16"
    "memorysetup-profiler-bucket-allocator-bucket-count=8"
    "memorysetup-profiler-bucket-allocator-block-size=33554432"
    "memorysetup-profiler-bucket-allocator-block-count=8"
    "memorysetup-profiler-allocator-block-size=16777216"
    "memorysetup-profiler-editor-allocator-block-size=1048576"
    "memorysetup-temp-allocator-size-main=16777216"
    "memorysetup-job-temp-allocator-block-size=2097152"
    "memorysetup-job-temp-allocator-block-size-background=1048576"
    "memorysetup-job-temp-allocator-reduction-small-platforms=262144"
    "memorysetup-temp-allocator-size-background-worker=32768"
    "memorysetup-temp-allocator-size-job-worker=262144"
    "memorysetup-temp-allocator-size-preload-manager=33554432"
    "memorysetup-temp-allocator-size-nav-mesh-worker=65536"
    "memorysetup-temp-allocator-size-audio-worker=65536"
    "memorysetup-temp-allocator-size-cloud-worker=32768"
    "memorysetup-temp-allocator-size-gi-baking-worker=262144"
    "memorysetup-temp-allocator-size-gfx=262144"
Player connection [29852] Host "[IP] 172.16.100.154 [Port] 0 [Flags] 2 [Guid] 1142179811 [EditorId] 1142179811 [Version] 1048832 [Id] WindowsEditor(7,Danielspc) [Debug] 1 [PackageName] WindowsEditor [ProjectName] Editor" joined multi-casting on [225.0.0.222:54997]...

Player connection [29852] Host "[IP] 172.16.100.154 [Port] 0 [Flags] 2 [Guid] 1142179811 [EditorId] 1142179811 [Version] 1048832 [Id] WindowsEditor(7,Danielspc) [Debug] 1 [PackageName] WindowsEditor [ProjectName] Editor" joined alternative multi-casting on [225.0.0.222:34997]...

Refreshing native plugins compatible for Editor in 73.65 ms, found 5 plugins.
Preloading 0 native plugins for Editor in 0.00 ms.
Initialize engine version: 2021.3.27f1 (ca3ffb99bcc6)
[Subsystems] Discovering subsystems at path C:/Program Files/Unity/Hub/Editor/2021.3.27f1/Editor/Data/Resources/UnitySubsystems
[Subsystems] Discovering subsystems at path C:/Users/danie/Downloads/Leap Piano/Assets
GfxDevice: creating device client; threaded=0; jobified=0
Direct3D:
    Version:  Direct3D 11.0 [level 11.1]
    Renderer: NVIDIA GeForce RTX 3050 Laptop GPU (ID=0x25a2)
    Vendor:   NVIDIA
    VRAM:     3977 MB
    Driver:   31.0.15.3623
Initialize mono
Mono path[0] = 'C:/Program Files/Unity/Hub/Editor/2021.3.27f1/Editor/Data/Managed'
Mono path[1] = 'C:/Program Files/Unity/Hub/Editor/2021.3.27f1/Editor/Data/MonoBleedingEdge/lib/mono/unityjit-win32'
Mono config path = 'C:/Program Files/Unity/Hub/Editor/2021.3.27f1/Editor/Data/MonoBleedingEdge/etc'
Using monoOptions --debugger-agent=transport=dt_socket,embedding=1,server=y,suspend=n,address=127.0.0.1:56204
Begin MonoManager ReloadAssembly
Registering precompiled unity dll's ...
Register platform support module: C:/Program Files/Unity/Hub/Editor/2021.3.27f1/Editor/Data/PlaybackEngines/WindowsStandaloneSupport/UnityEditor.WindowsStandalone.Extensions.dll
Registered in 0.006003 seconds.
Native extension for WindowsStandalone target not found
Refreshing native plugins compatible for Editor in 70.10 ms, found 5 plugins.
Preloading 0 native plugins for Editor in 0.00 ms.
Mono: successfully reloaded assembly
- Completed reload, in  0.688 seconds
Domain Reload Profiling:
	ReloadAssembly (689ms)
		BeginReloadAssembly (107ms)
			ExecutionOrderSort (0ms)
			DisableScriptedObjects (0ms)
			BackupInstance (0ms)
			ReleaseScriptingObjects (0ms)
			CreateAndSetChildDomain (1ms)
		EndReloadAssembly (479ms)
			LoadAssemblies (106ms)
			RebuildTransferFunctionScriptingTraits (0ms)
			SetupTypeCache (116ms)
			ReleaseScriptCaches (0ms)
			RebuildScriptCaches (30ms)
			SetupLoadedEditorAssemblies (273ms)
				LogAssemblyErrors (0ms)
				InitializePlatformSupportModulesInManaged (10ms)
				SetLoadedEditorAssemblies (0ms)
				RefreshPlugins (70ms)
				BeforeProcessingInitializeOnLoad (2ms)
				ProcessInitializeOnLoadAttributes (135ms)
				ProcessInitializeOnLoadMethodAttributes (56ms)
				AfterProcessingInitializeOnLoad (0ms)
				EditorAssembliesLoaded (0ms)
			ExecutionOrderSort2 (0ms)
			AwakeInstancesAfterBackupRestoration (0ms)
Platform modules already initialized, skipping
Registering precompiled user dll's ...
Registered in 0.004924 seconds.
Begin MonoManager ReloadAssembly
Symbol file LoadedFromMemory doesn't match image C:\Users\danie\Downloads\Leap Piano\Library\PackageCache\com.unity.visualscripting@1.8.0\Editor\VisualScripting.Core\Dependencies\YamlDotNet\Unity.VisualScripting.YamlDotNet.dll
Symbol file LoadedFromMemory doesn't match image C:\Users\danie\Downloads\Leap Piano\Library\PackageCache\com.unity.visualscripting@1.8.0\Editor\VisualScripting.Core\Dependencies\DotNetZip\Unity.VisualScripting.IonicZip.dll
Native extension for WindowsStandalone target not found
Refreshing native plugins compatible for Editor in 0.52 ms, found 5 plugins.
Preloading 0 native plugins for Editor in 0.00 ms.
Mono: successfully reloaded assembly
- Completed reload, in  1.060 seconds
Domain Reload Profiling:
	ReloadAssembly (1061ms)
		BeginReloadAssembly (130ms)
			ExecutionOrderSort (0ms)
			DisableScriptedObjects (8ms)
			BackupInstance (0ms)
			ReleaseScriptingObjects (0ms)
			CreateAndSetChildDomain (23ms)
		EndReloadAssembly (817ms)
			LoadAssemblies (97ms)
			RebuildTransferFunctionScriptingTraits (0ms)
			SetupTypeCache (253ms)
			ReleaseScriptCaches (0ms)
			RebuildScriptCaches (67ms)
			SetupLoadedEditorAssemblies (364ms)
				LogAssemblyErrors (0ms)
				InitializePlatformSupportModulesInManaged (6ms)
				SetLoadedEditorAssemblies (0ms)
				RefreshPlugins (1ms)
				BeforeProcessingInitializeOnLoad (73ms)
				ProcessInitializeOnLoadAttributes (250ms)
				ProcessInitializeOnLoadMethodAttributes (26ms)
				AfterProcessingInitializeOnLoad (7ms)
				EditorAssembliesLoaded (0ms)
			ExecutionOrderSort2 (0ms)
			AwakeInstancesAfterBackupRestoration (7ms)
Platform modules already initialized, skipping
========================================================================
Worker process is ready to serve import requests
Launched and connected shader compiler UnityShaderCompiler.exe after 0.07 seconds
Refreshing native plugins compatible for Editor in 0.68 ms, found 5 plugins.
Preloading 0 native plugins for Editor in 0.00 ms.
Unloading 3192 Unused Serialized files (Serialized files now loaded: 0)
Unloading 28 unused Assets / (66.2 KB). Loaded Objects now: 3661.
Memory consumption went from 117.4 MB to 117.3 MB.
Total: 3.063200 ms (FindLiveObjects: 0.206800 ms CreateObjectMapping: 0.088400 ms MarkObjects: 2.599400 ms  DeleteObjects: 0.166700 ms)

AssetImportParameters requested are different than current active one (requested -> active):
  custom:video-decoder-ogg-theora: a1e56fd34408186e4bbccfd4996cb3dc -> 
  custom:container-muxer-webm: aa71ff27fc2769a1b78a27578f13a17b -> 
  custom:container-demuxer-webm: 4f35f7cbe854078d1ac9338744f61a02 -> 
  custom:video-encoder-webm-vp8: eb34c28f22e8b96e1ab97ce403110664 -> 
  custom:video-codec-MediaFoundation-h265: 746d11721c4dcdbdad8f713fa42b33f4 -> 
  custom:audio-encoder-webm-vorbis: bf7c407c2cedff20999df2af8eb42d56 -> 
  custom:framework-win-MediaFoundation: 216162199b28c13a410421893ffa2e32 -> 
  custom:container-demuxer-ogg: 62fdf1f143b41e24485cea50d1cbac27 -> 
  custom:video-decoder-webm-vp8: 9c59270c3fd7afecdb556c50c9e8de78 -> 
  custom:audio-decoder-ogg-vorbis: bf7c407c2cedff20999df2af8eb42d56 -> 
========================================================================
Received Import Request.
  Time since last request: 110291.650339 seconds.
  path: Assets/Brick Project Studio/Apartment Kit/Common/Textures/Surface/Fabric_01_N.png
  artifactKey: Guid(58bfd504e106d80488fcbb9512c2fa31) Importer(815301076,1909f56bfc062723c751e8b465ee728b)
Start importing Assets/Brick Project Studio/Apartment Kit/Common/Textures/Surface/Fabric_01_N.png using Guid(58bfd504e106d80488fcbb9512c2fa31) Importer(815301076,1909f56bfc062723c751e8b465ee728b)  -> (artifact id: '00a3c48599e6a514912237d01bba533d') in 0.115493 seconds 
========================================================================
Received Import Request.
  Time since last request: 0.000043 seconds.
  path: Assets/Brick Project Studio/Apartment Kit/Common/Textures/Misc/Art_04.png
  artifactKey: Guid(93aed1f0d891f3440880dcc4154ccbf5) Importer(815301076,1909f56bfc062723c751e8b465ee728b)
Start importing Assets/Brick Project Studio/Apartment Kit/Common/Textures/Misc/Art_04.png using Guid(93aed1f0d891f3440880dcc4154ccbf5) Importer(815301076,1909f56bfc062723c751e8b465ee728b)  -> (artifact id: 'b7977e7f09d9cbbd8e8dc5ae72bbad01') in 0.017211 seconds 
========================================================================
Received Import Request.
  Time since last request: 0.000027 seconds.
  path: Assets/Brick Project Studio/Apartment Kit/Common/Textures/Misc/Colors_apt_02_A.png
  artifactKey: Guid(d78d543570cf39449a8e89367decddbe) Importer(815301076,1909f56bfc062723c751e8b465ee728b)
Start importing Assets/Brick Project Studio/Apartment Kit/Common/Textures/Misc/Colors_apt_02_A.png using Guid(d78d543570cf39449a8e89367decddbe) Importer(815301076,1909f56bfc062723c751e8b465ee728b)  -> (artifact id: 'c5aa0786df853cd142136b982317ea0d') in 0.012997 seconds 
========================================================================
Received Import Request.
  Time since last request: 0.000063 seconds.
  path: Assets/Brick Project Studio/_BPS Basic Assets/Common/Textures/Legacy/Building Floor Tile - 01.png
  artifactKey: Guid(ad19f5ff4e0a2814ebd9b97d269bcf06) Importer(815301076,1909f56bfc062723c751e8b465ee728b)
Start importing Assets/Brick Project Studio/_BPS Basic Assets/Common/Textures/Legacy/Building Floor Tile - 01.png using Guid(ad19f5ff4e0a2814ebd9b97d269bcf06) Importer(815301076,1909f56bfc062723c751e8b465ee728b)  -> (artifact id: '638f5a6dc8c044a78f35dffe2e60bdaa') in 0.016346 seconds 
========================================================================
Received Import Request.
  Time since last request: 0.000069 seconds.
  path: Assets/Samples/Ultraleap Tracking/6.9.0/Examples/Example Assets/Font/Now-Light.otf
  artifactKey: Guid(7397991fd148e8b4481078110744c5d0) Importer(815301076,1909f56bfc062723c751e8b465ee728b)
Start importing Assets/Samples/Ultraleap Tracking/6.9.0/Examples/Example Assets/Font/Now-Light.otf using Guid(7397991fd148e8b4481078110744c5d0) Importer(815301076,1909f56bfc062723c751e8b465ee728b)  -> (artifact id: '23d457f5d358210788c55312e1a9dd3e') in 0.057237 seconds 
========================================================================
Received Import Request.
  Time since last request: 0.000021 seconds.
  path: Packages/com.unity.timeline/Editor/StyleSheets/Images/Icons/d_TimelineHeaderMarkerIcon.png
  artifactKey: Guid(4f8d98ef7dbbe3d469e14c04722cbeed) Importer(815301076,1909f56bfc062723c751e8b465ee728b)
Start importing Packages/com.unity.timeline/Editor/StyleSheets/Images/Icons/d_TimelineHeaderMarkerIcon.png using Guid(4f8d98ef7dbbe3d469e14c04722cbeed) Importer(815301076,1909f56bfc062723c751e8b465ee728b)  -> (artifact id: '66f0eec5cf538c74d1b31fed6d9660cc') in 0.010477 seconds 
========================================================================
Received Import Request.
  Time since last request: 0.000032 seconds.
  path: Assets/Brick Project Studio/Apartment Kit/Common/Textures/Misc/Art_03.png
  artifactKey: Guid(6344bcc8e46893f49ab242604a00da23) Importer(815301076,1909f56bfc062723c751e8b465ee728b)
Start importing Assets/Brick Project Studio/Apartment Kit/Common/Textures/Misc/Art_03.png using Guid(6344bcc8e46893f49ab242604a00da23) Importer(815301076,1909f56bfc062723c751e8b465ee728b)  -> (artifact id: 'e4ce78e2a1e6e37f62dcb60b0952bf4e') in 0.013098 seconds 
========================================================================
Received Import Request.
  Time since last request: 0.000020 seconds.
  path: Assets/Brick Project Studio/_BPS Basic Assets/Common/Textures/Basic Asset/BA_Wood_01_N.png
  artifactKey: Guid(fde87c062cbc94047927dc231c09fbe4) Importer(815301076,1909f56bfc062723c751e8b465ee728b)
Start importing Assets/Brick Project Studio/_BPS Basic Assets/Common/Textures/Basic Asset/BA_Wood_01_N.png using Guid(fde87c062cbc94047927dc231c09fbe4) Importer(815301076,1909f56bfc062723c751e8b465ee728b)  -> (artifact id: '35b4b7c9b0163afcd8f95b2c65a16621') in 0.016220 seconds 
========================================================================
Received Import Request.
  Time since last request: 0.000026 seconds.
  path: Packages/com.unity.collab-proxy/Editor/PlasticSCM/Assets/Images/iconaddedoverlay@2x.png
  artifactKey: Guid(74ef721fef79c44489d4e3edb0ab0c01) Importer(815301076,1909f56bfc062723c751e8b465ee728b)
Start importing Packages/com.unity.collab-proxy/Editor/PlasticSCM/Assets/Images/iconaddedoverlay@2x.png using Guid(74ef721fef79c44489d4e3edb0ab0c01) Importer(815301076,1909f56bfc062723c751e8b465ee728b)  -> (artifact id: '93dfa6960106989107709456baea59f6') in 0.011201 seconds 
========================================================================
Received Import Request.
  Time since last request: 0.000051 seconds.
  path: Packages/com.unity.timeline/Editor/StyleSheets/Images/Icons/d_TimelineSignal.png
  artifactKey: Guid(ad2e3e92b00839c4e991ca602ef19822) Importer(815301076,1909f56bfc062723c751e8b465ee728b)
Start importing Packages/com.unity.timeline/Editor/StyleSheets/Images/Icons/d_TimelineSignal.png using Guid(ad2e3e92b00839c4e991ca602ef19822) Importer(815301076,1909f56bfc062723c751e8b465ee728b)  -> (artifact id: '840d209db74a415cc0cbae01b651d7cf') in 0.010651 seconds 
========================================================================
Received Import Request.
  Time since last request: 0.000034 seconds.
  path: Packages/com.unity.collab-proxy/Editor/PlasticSCM/Assets/Images/d_ignoredoverlay.png
  artifactKey: Guid(0f5597de928ba6547895c4cdb9fa4185) Importer(815301076,1909f56bfc062723c751e8b465ee728b)
Start importing Packages/com.unity.collab-proxy/Editor/PlasticSCM/Assets/Images/d_ignoredoverlay.png using Guid(0f5597de928ba6547895c4cdb9fa4185) Importer(815301076,1909f56bfc062723c751e8b465ee728b)  -> (artifact id: 'f2f2676194eeeecf583068803bfcf593') in 0.007364 seconds 
========================================================================
Received Import Request.
  Time since last request: 0.000029 seconds.
  path: Packages/com.unity.collab-proxy/Editor/PlasticSCM/Assets/Images/d_ignoredoverlay@2x.png
  artifactKey: Guid(68fafd0a2acc3774988418f657bf7b68) Importer(815301076,1909f56bfc062723c751e8b465ee728b)
Start importing Packages/com.unity.collab-proxy/Editor/PlasticSCM/Assets/Images/d_ignoredoverlay@2x.png using Guid(68fafd0a2acc3774988418f657bf7b68) Importer(815301076,1909f56bfc062723c751e8b465ee728b)  -> (artifact id: '1f1165e753cf32e7cfc24def0615f903') in 0.009666 seconds 
========================================================================
Received Import Request.
  Time since last request: 0.000024 seconds.
  path: Assets/Brick Project Studio/Apartment Kit/Common/Textures/Interior Exterior/Ext_Apt_WallFloor_01_A.png
  artifactKey: Guid(ee1c712c3dfc8a543ab726de64648deb) Importer(815301076,1909f56bfc062723c751e8b465ee728b)
Start importing Assets/Brick Project Studio/Apartment Kit/Common/Textures/Interior Exterior/Ext_Apt_WallFloor_01_A.png using Guid(ee1c712c3dfc8a543ab726de64648deb) Importer(815301076,1909f56bfc062723c751e8b465ee728b)  -> (artifact id: 'de32360f1b674c2705d7de7ec293bfba') in 0.083742 seconds 
========================================================================
Received Import Request.
  Time since last request: 0.000023 seconds.
  path: Assets/Brick Project Studio/Apartment Kit/Common/Textures/Surface/Fabric_01_H.png
  artifactKey: Guid(f16f03215be3d524997908d61dbdf67b) Importer(815301076,1909f56bfc062723c751e8b465ee728b)
Start importing Assets/Brick Project Studio/Apartment Kit/Common/Textures/Surface/Fabric_01_H.png using Guid(f16f03215be3d524997908d61dbdf67b) Importer(815301076,1909f56bfc062723c751e8b465ee728b)  -> (artifact id: 'f4a0d22745895b792d407e07f851895f') in 0.012431 seconds 
========================================================================
Received Import Request.
  Time since last request: 0.000040 seconds.
  path: Packages/com.unity.textmeshpro/Editor Resources/Textures/btn_AlignCapLine.psd
  artifactKey: Guid(0d9a36012a224080966c7b55896aa0f9) Importer(815301076,1909f56bfc062723c751e8b465ee728b)
Start importing Packages/com.unity.textmeshpro/Editor Resources/Textures/btn_AlignCapLine.psd using Guid(0d9a36012a224080966c7b55896aa0f9) Importer(815301076,1909f56bfc062723c751e8b465ee728b)  -> (artifact id: '45c572cac9519f82b571736a792b3955') in 0.012492 seconds 
========================================================================
Received Import Request.
  Time since last request: 0.000032 seconds.
  path: Packages/com.unity.timeline/Editor/StyleSheets/Images/Icons/d_TrackLockButtonEnabled.png
  artifactKey: Guid(e8aa120f1b4731e43a2dd31eb70bbbe2) Importer(815301076,1909f56bfc062723c751e8b465ee728b)
Start importing Packages/com.unity.timeline/Editor/StyleSheets/Images/Icons/d_TrackLockButtonEnabled.png using Guid(e8aa120f1b4731e43a2dd31eb70bbbe2) Importer(815301076,1909f56bfc062723c751e8b465ee728b)  -> (artifact id: '511587f0770c207ef97122f58c660325') in 0.009685 seconds 
========================================================================
Received Import Request.
  Time since last request: 0.000101 seconds.
  path: Packages/com.unity.timeline/Editor/StyleSheets/Images/Icons/d_TrackMarkerButtonEnabled.png
  artifactKey: Guid(d18286874382ef042bbbdab5f71329c1) Importer(815301076,1909f56bfc062723c751e8b465ee728b)
Start importing Packages/com.unity.timeline/Editor/StyleSheets/Images/Icons/d_TrackMarkerButtonEnabled.png using Guid(d18286874382ef042bbbdab5f71329c1) Importer(815301076,1909f56bfc062723c751e8b465ee728b)  -> (artifact id: '0e9bb2fe89af3ab8f5178c047c82ffa7') in 0.010133 seconds 
========================================================================
Received Import Request.
  Time since last request: 0.000023 seconds.
  path: Packages/com.unity.textmeshpro/Editor Resources/Textures/btn_AlignTop_Light.psd
  artifactKey: Guid(ed041e68439749a69d0efa0e3d896c2e) Importer(815301076,1909f56bfc062723c751e8b465ee728b)
Start importing Packages/com.unity.textmeshpro/Editor Resources/Textures/btn_AlignTop_Light.psd using Guid(ed041e68439749a69d0efa0e3d896c2e) Importer(815301076,1909f56bfc062723c751e8b465ee728b)  -> (artifact id: '702234a0ae4ca1525f5d3b7f14f862c3') in 0.010175 seconds 
========================================================================
Received Import Request.
  Time since last request: 0.000041 seconds.
  path: Packages/com.unity.timeline/Editor/StyleSheets/Images/Icons/d_TrackRecordButtonEnabled@2x.png
  artifactKey: Guid(0f1c9a12872a30f45bab34f536332bb3) Importer(815301076,1909f56bfc062723c751e8b465ee728b)
Start importing Packages/com.unity.timeline/Editor/StyleSheets/Images/Icons/d_TrackRecordButtonEnabled@2x.png using Guid(0f1c9a12872a30f45bab34f536332bb3) Importer(815301076,1909f56bfc062723c751e8b465ee728b)  -> (artifact id: '5bfdba328f2ee4a9b6690a1a49d03011') in 0.009451 seconds 
========================================================================
Received Import Request.
  Time since last request: 0.000022 seconds.
  path: Packages/com.unity.timeline/Editor/StyleSheets/Images/Icons/d_TrackMarkerButtonDisabled.png
  artifactKey: Guid(b3644a971cca0bd4eb357cb9aca4dde1) Importer(815301076,1909f56bfc062723c751e8b465ee728b)
Start importing Packages/com.unity.timeline/Editor/StyleSheets/Images/Icons/d_TrackMarkerButtonDisabled.png using Guid(b3644a971cca0bd4eb357cb9aca4dde1) Importer(815301076,1909f56bfc062723c751e8b465ee728b)  -> (artifact id: 'd19891431eea91c06f1cf4808dc1429e') in 0.008838 seconds 
========================================================================
Received Import Request.
  Time since last request: 0.000036 seconds.
  path: Assets/Samples/Ultraleap Tracking/6.9.0/Examples/Example Assets/Font/Now-Bold.otf
  artifactKey: Guid(9f087c39a7bcfac4ab14615d5dad2ef5) Importer(815301076,1909f56bfc062723c751e8b465ee728b)
Start importing Assets/Samples/Ultraleap Tracking/6.9.0/Examples/Example Assets/Font/Now-Bold.otf using Guid(9f087c39a7bcfac4ab14615d5dad2ef5) Importer(815301076,1909f56bfc062723c751e8b465ee728b)  -> (artifact id: '309880d03e8907c1ce0402c18d9aa915') in 0.013941 seconds 
========================================================================
Received Import Request.
  Time since last request: 0.000030 seconds.
  path: Assets/Brick Project Studio/_BPS Basic Assets/Common/Textures/Basic Asset/BA_leather_A.png
  artifactKey: Guid(0c1ee1d71026ae54bbf4ce91fbd6a87a) Importer(815301076,1909f56bfc062723c751e8b465ee728b)
Start importing Assets/Brick Project Studio/_BPS Basic Assets/Common/Textures/Basic Asset/BA_leather_A.png using Guid(0c1ee1d71026ae54bbf4ce91fbd6a87a) Importer(815301076,1909f56bfc062723c751e8b465ee728b)  -> (artifact id: '8599678dfc59478fa90eaaf9375f903e') in 0.016689 seconds 
========================================================================
Received Import Request.
  Time since last request: 0.000077 seconds.
  path: Packages/com.unity.collab-proxy/Editor/PlasticSCM/Assets/Images/iconbranch@2x.png
  artifactKey: Guid(e45389a8a97044d4caf408f252370632) Importer(815301076,1909f56bfc062723c751e8b465ee728b)
Start importing Packages/com.unity.collab-proxy/Editor/PlasticSCM/Assets/Images/iconbranch@2x.png using Guid(e45389a8a97044d4caf408f252370632) Importer(815301076,1909f56bfc062723c751e8b465ee728b)  -> (artifact id: '7d37f3a588771dae75112cdf147a5cd9') in 0.008480 seconds 
========================================================================
Received Import Request.
  Time since last request: 0.000034 seconds.
  path: Packages/com.unity.timeline/Editor/StyleSheets/Images/Icons/d_TimelineEditModeMixON.png
  artifactKey: Guid(7c681ffb5a436684fa3e98a9b66775c0) Importer(815301076,1909f56bfc062723c751e8b465ee728b)
Start importing Packages/com.unity.timeline/Editor/StyleSheets/Images/Icons/d_TimelineEditModeMixON.png using Guid(7c681ffb5a436684fa3e98a9b66775c0) Importer(815301076,1909f56bfc062723c751e8b465ee728b)  -> (artifact id: 'ce17c9505e61fbc7bec453a8ec9eaf13') in 0.010052 seconds 
========================================================================
Received Import Request.
  Time since last request: 0.000025 seconds.
  path: Packages/com.unity.textmeshpro/Editor Resources/Textures/btn_AlignBaseLine.psd
  artifactKey: Guid(8bc445bb79654bf496c92d0407840a92) Importer(815301076,1909f56bfc062723c751e8b465ee728b)
Start importing Packages/com.unity.textmeshpro/Editor Resources/Textures/btn_AlignBaseLine.psd using Guid(8bc445bb79654bf496c92d0407840a92) Importer(815301076,1909f56bfc062723c751e8b465ee728b)  -> (artifact id: '8572baef481715de0e0657288940a776') in 0.009292 seconds 
========================================================================
Received Import Request.
  Time since last request: 0.000022 seconds.
  path: Assets/Brick Project Studio/_BPS Basic Assets/Common/Textures/Legacy/Concrete-normal.png
  artifactKey: Guid(7e190a8bc0493c547a469963af75222c) Importer(815301076,1909f56bfc062723c751e8b465ee728b)
Start importing Assets/Brick Project Studio/_BPS Basic Assets/Common/Textures/Legacy/Concrete-normal.png using Guid(7e190a8bc0493c547a469963af75222c) Importer(815301076,1909f56bfc062723c751e8b465ee728b)  -> (artifact id: '1d432ae66f46f2ed27fdd5f22ec01a55') in 0.014845 seconds 
========================================================================
Received Import Request.
  Time since last request: 0.000035 seconds.
  path: Assets/Brick Project Studio/_BPS Basic Assets/Common/Textures/Basic Asset/BA_Plastic_01_A.png
  artifactKey: Guid(8ebf406575461064c88f9fbcb05d1c31) Importer(815301076,1909f56bfc062723c751e8b465ee728b)
Start importing Assets/Brick Project Studio/_BPS Basic Assets/Common/Textures/Basic Asset/BA_Plastic_01_A.png using Guid(8ebf406575461064c88f9fbcb05d1c31) Importer(815301076,1909f56bfc062723c751e8b465ee728b)  -> (artifact id: '7126d30cfda374557968eb0fbc1811d0') in 0.018853 seconds 
========================================================================
Received Import Request.
  Time since last request: 0.000024 seconds.
  path: Assets/Brick Project Studio/_BPS Basic Assets/Common/Textures/Legacy/Floor_normal.png
  artifactKey: Guid(e10c0a17308ba8a459fb883b0de900e0) Importer(815301076,1909f56bfc062723c751e8b465ee728b)
Start importing Assets/Brick Project Studio/_BPS Basic Assets/Common/Textures/Legacy/Floor_normal.png using Guid(e10c0a17308ba8a459fb883b0de900e0) Importer(815301076,1909f56bfc062723c751e8b465ee728b)  -> (artifact id: '3585cf9372fd706a2b8f6ea99b9fd00f') in 0.011248 seconds 
========================================================================
Received Import Request.
  Time since last request: 0.000045 seconds.
  path: Packages/com.unity.timeline/Editor/StyleSheets/Images/Icons/d_TrackRecordButtonDisabled@2x.png
  artifactKey: Guid(db15c78579dee4a4db85f392634c8ecc) Importer(815301076,1909f56bfc062723c751e8b465ee728b)
Start importing Packages/com.unity.timeline/Editor/StyleSheets/Images/Icons/d_TrackRecordButtonDisabled@2x.png using Guid(db15c78579dee4a4db85f392634c8ecc) Importer(815301076,1909f56bfc062723c751e8b465ee728b)  -> (artifact id: '2ace946b8399e6fe91ca704ea9e0c2da') in 0.010465 seconds 
========================================================================
Received Import Request.
  Time since last request: 0.000051 seconds.
  path: Packages/com.unity.timeline/Editor/StyleSheets/Images/Icons/d_TimelineEditModeRippleON.png
  artifactKey: Guid(67a774c4384aa6c488128e2851b18ced) Importer(815301076,1909f56bfc062723c751e8b465ee728b)
Start importing Packages/com.unity.timeline/Editor/StyleSheets/Images/Icons/d_TimelineEditModeRippleON.png using Guid(67a774c4384aa6c488128e2851b18ced) Importer(815301076,1909f56bfc062723c751e8b465ee728b)  -> (artifact id: 'c0401f5a669b75a482c6d1046d51528e') in 0.008111 seconds 
========================================================================
Received Import Request.
  Time since last request: 0.000043 seconds.
  path: Assets/Brick Project Studio/_BPS Basic Assets/Common/Textures/Basic Asset/BA_Metal_Brushed_01_N.png
  artifactKey: Guid(28ff0b5cb9b51034a977bc2116ddfe2e) Importer(815301076,1909f56bfc062723c751e8b465ee728b)
Start importing Assets/Brick Project Studio/_BPS Basic Assets/Common/Textures/Basic Asset/BA_Metal_Brushed_01_N.png using Guid(28ff0b5cb9b51034a977bc2116ddfe2e) Importer(815301076,1909f56bfc062723c751e8b465ee728b)  -> (artifact id: '9067cfd33eb90d0ff89affc169abae9a') in 0.013242 seconds 
========================================================================
Received Import Request.
  Time since last request: 0.000018 seconds.
  path: Packages/com.unity.textmeshpro/Editor Resources/Textures/btn_AlignBaseLine_Light.psd
  artifactKey: Guid(18775b51e3bd42299fd30bd036ea982f) Importer(815301076,1909f56bfc062723c751e8b465ee728b)
Start importing Packages/com.unity.textmeshpro/Editor Resources/Textures/btn_AlignBaseLine_Light.psd using Guid(18775b51e3bd42299fd30bd036ea982f) Importer(815301076,1909f56bfc062723c751e8b465ee728b)  -> (artifact id: 'cd30c66b4568be460a37ed142d72df9c') in 0.009109 seconds 
========================================================================
Received Import Request.
  Time since last request: 0.000023 seconds.
  path: Packages/com.unity.timeline/Editor/StyleSheets/Images/Icons/d_TimelineDigIn.png
  artifactKey: Guid(22c3c381bd3cd4a40a8541103023e1ef) Importer(815301076,1909f56bfc062723c751e8b465ee728b)
Start importing Packages/com.unity.timeline/Editor/StyleSheets/Images/Icons/d_TimelineDigIn.png using Guid(22c3c381bd3cd4a40a8541103023e1ef) Importer(815301076,1909f56bfc062723c751e8b465ee728b)  -> (artifact id: 'a781bed2cbfbdc7af5030ad82893bdc0') in 0.010381 seconds 
========================================================================
Received Import Request.
  Time since last request: 0.000113 seconds.
  path: Assets/Brick Project Studio/_BPS Basic Assets/Common/Textures/Basic Asset/BA_Plastic_01_N.png
  artifactKey: Guid(76bd84ba642ddf0468318d675e90dfe2) Importer(815301076,1909f56bfc062723c751e8b465ee728b)
Start importing Assets/Brick Project Studio/_BPS Basic Assets/Common/Textures/Basic Asset/BA_Plastic_01_N.png using Guid(76bd84ba642ddf0468318d675e90dfe2) Importer(815301076,1909f56bfc062723c751e8b465ee728b)  -> (artifact id: '7d22ce3fb9180054fb4403ee95cf0c7b') in 0.018431 seconds 
========================================================================
Received Import Request.
  Time since last request: 0.000037 seconds.
  path: Assets/Brick Project Studio/_BPS Basic Assets/Common/Textures/Fire/Fire_Texture_02.tga
  artifactKey: Guid(c8b0b917072902c4f90273607a87d9b0) Importer(815301076,1909f56bfc062723c751e8b465ee728b)
Start importing Assets/Brick Project Studio/_BPS Basic Assets/Common/Textures/Fire/Fire_Texture_02.tga using Guid(c8b0b917072902c4f90273607a87d9b0) Importer(815301076,1909f56bfc062723c751e8b465ee728b)  -> (artifact id: '31a3ec41344de34724684e44f5a06b5d') in 0.014032 seconds 
========================================================================
Received Import Request.
  Time since last request: 0.000023 seconds.
  path: Assets/Brick Project Studio/_BPS Basic Assets/Common/Textures/Basic Asset/BS_Texture_map_SE.png
  artifactKey: Guid(5582ded7245c6074b9e3c52d0ee70c84) Importer(815301076,1909f56bfc062723c751e8b465ee728b)
Start importing Assets/Brick Project Studio/_BPS Basic Assets/Common/Textures/Basic Asset/BS_Texture_map_SE.png using Guid(5582ded7245c6074b9e3c52d0ee70c84) Importer(815301076,1909f56bfc062723c751e8b465ee728b)  -> (artifact id: 'f3fdcf437d1ac42298da12a0027f6dc4') in 0.017064 seconds 
========================================================================
Received Import Request.
  Time since last request: 0.000021 seconds.
  path: Assets/Brick Project Studio/_BPS Basic Assets/Common/Textures/Legacy/Building Floor Tile - 01 - normal.png
  artifactKey: Guid(c3da4c855c1bfff4f9690290628f7f11) Importer(815301076,1909f56bfc062723c751e8b465ee728b)
Start importing Assets/Brick Project Studio/_BPS Basic Assets/Common/Textures/Legacy/Building Floor Tile - 01 - normal.png using Guid(c3da4c855c1bfff4f9690290628f7f11) Importer(815301076,1909f56bfc062723c751e8b465ee728b)  -> (artifact id: '8019ef119ca6ea2452434196b0508487') in 0.014637 seconds 
========================================================================
Received Import Request.
  Time since last request: 0.000026 seconds.
  path: Packages/com.unity.timeline/Editor/StyleSheets/Images/Icons/d_TimelineEditModeMixOFF.png
  artifactKey: Guid(39d9575ed0465354cb02b69ea18526de) Importer(815301076,1909f56bfc062723c751e8b465ee728b)
Start importing Packages/com.unity.timeline/Editor/StyleSheets/Images/Icons/d_TimelineEditModeMixOFF.png using Guid(39d9575ed0465354cb02b69ea18526de) Importer(815301076,1909f56bfc062723c751e8b465ee728b)  -> (artifact id: '8d364a5c32e2ba6a1268fd4ef71e139c') in 0.009014 seconds 
========================================================================
Received Import Request.
  Time since last request: 0.000060 seconds.
  path: Packages/com.unity.timeline/Editor/StyleSheets/Images/Icons/d_TrackRecordButtonEnabled.png
  artifactKey: Guid(0e5ba0f04df278944a8f5a62f64f5aa6) Importer(815301076,1909f56bfc062723c751e8b465ee728b)
Start importing Packages/com.unity.timeline/Editor/StyleSheets/Images/Icons/d_TrackRecordButtonEnabled.png using Guid(0e5ba0f04df278944a8f5a62f64f5aa6) Importer(815301076,1909f56bfc062723c751e8b465ee728b)  -> (artifact id: 'c3f5f0017f185605aa19ae7cf0ead19f') in 0.008597 seconds 
========================================================================
Received Import Request.
  Time since last request: 0.000066 seconds.
  path: Packages/com.unity.timeline/Editor/StyleSheets/Images/Icons/d_TimelineSelector.png
  artifactKey: Guid(06bf6150656339941aa98e175a995445) Importer(815301076,1909f56bfc062723c751e8b465ee728b)
Start importing Packages/com.unity.timeline/Editor/StyleSheets/Images/Icons/d_TimelineSelector.png using Guid(06bf6150656339941aa98e175a995445) Importer(815301076,1909f56bfc062723c751e8b465ee728b)  -> (artifact id: '2c2bdd4eae61c30a9056a0db5d1ccdc4') in 0.009454 seconds 
========================================================================
Received Import Request.
  Time since last request: 0.000049 seconds.
  path: Assets/Audience/Textures/Audience2_TEXT.png
  artifactKey: Guid(89f46ea32c745b342ba8989348a8b547) Importer(815301076,1909f56bfc062723c751e8b465ee728b)
Start importing Assets/Audience/Textures/Audience2_TEXT.png using Guid(89f46ea32c745b342ba8989348a8b547) Importer(815301076,1909f56bfc062723c751e8b465ee728b)  -> (artifact id: '2ee481a69326eb6c1e534d0b49e861a1') in 0.013516 seconds 
========================================================================
Received Import Request.
  Time since last request: 0.000039 seconds.
  path: Assets/Brick Project Studio/_BPS Basic Assets/Common/Textures/Fire/Fire_Texture_01.tga
  artifactKey: Guid(719670e2fe4d8e74da570025f16a5f07) Importer(815301076,1909f56bfc062723c751e8b465ee728b)
Start importing Assets/Brick Project Studio/_BPS Basic Assets/Common/Textures/Fire/Fire_Texture_01.tga using Guid(719670e2fe4d8e74da570025f16a5f07) Importer(815301076,1909f56bfc062723c751e8b465ee728b)  -> (artifact id: '679e901d0defca5a423c581f77aaba29') in 0.011909 seconds 
========================================================================
Received Import Request.
  Time since last request: 0.000019 seconds.
  path: Packages/com.unity.collab-proxy/Editor/PlasticSCM/Assets/Images/buttonssosigninemail.png
  artifactKey: Guid(d24e7e0b75e1a244bb9687d6fd4315ef) Importer(815301076,1909f56bfc062723c751e8b465ee728b)
Start importing Packages/com.unity.collab-proxy/Editor/PlasticSCM/Assets/Images/buttonssosigninemail.png using Guid(d24e7e0b75e1a244bb9687d6fd4315ef) Importer(815301076,1909f56bfc062723c751e8b465ee728b)  -> (artifact id: 'f9d937aaae821facd845208dc3e571f3') in 0.011307 seconds 
========================================================================
Received Import Request.
  Time since last request: 0.000051 seconds.
  path: Assets/Brick Project Studio/_BPS Basic Assets/Common/Textures/Basic Asset/BA_Wood_01_A.png
  artifactKey: Guid(48aec0e661dd8b34da0b78a05a1b25c5) Importer(815301076,1909f56bfc062723c751e8b465ee728b)
Start importing Assets/Brick Project Studio/_BPS Basic Assets/Common/Textures/Basic Asset/BA_Wood_01_A.png using Guid(48aec0e661dd8b34da0b78a05a1b25c5) Importer(815301076,1909f56bfc062723c751e8b465ee728b)  -> (artifact id: '230fbfddb9acec038db0ab856e73c551') in 0.013115 seconds 
========================================================================
Received Import Request.
  Time since last request: 0.000025 seconds.
  path: Packages/com.unity.collab-proxy/Editor/PlasticSCM/Assets/Images/d_refresh.png
  artifactKey: Guid(92b8c447daf4d4b41a0ec148d1091261) Importer(815301076,1909f56bfc062723c751e8b465ee728b)
Start importing Packages/com.unity.collab-proxy/Editor/PlasticSCM/Assets/Images/d_refresh.png using Guid(92b8c447daf4d4b41a0ec148d1091261) Importer(815301076,1909f56bfc062723c751e8b465ee728b)  -> (artifact id: '5b595f0e31e2ecec584c185e186696dc') in 0.010164 seconds 
========================================================================
Received Import Request.
  Time since last request: 0.000051 seconds.
  path: Assets/Brick Project Studio/Apartment Kit/Common/Textures/Surface/Fabric_01_AO.png
  artifactKey: Guid(4fa1c9ead8b6eb94da2389d7898b0e61) Importer(815301076,1909f56bfc062723c751e8b465ee728b)
Start importing Assets/Brick Project Studio/Apartment Kit/Common/Textures/Surface/Fabric_01_AO.png using Guid(4fa1c9ead8b6eb94da2389d7898b0e61) Importer(815301076,1909f56bfc062723c751e8b465ee728b)  -> (artifact id: 'd45d04ab74bc9841a005ef8672c09ed0') in 0.011578 seconds 
========================================================================
Received Import Request.
  Time since last request: 0.000028 seconds.
  path: Packages/com.unity.collab-proxy/Editor/PlasticSCM/Assets/Images/d_loading.png
  artifactKey: Guid(d58e94bfb1bac774dbb8ca9c2597ef2e) Importer(815301076,1909f56bfc062723c751e8b465ee728b)
Start importing Packages/com.unity.collab-proxy/Editor/PlasticSCM/Assets/Images/d_loading.png using Guid(d58e94bfb1bac774dbb8ca9c2597ef2e) Importer(815301076,1909f56bfc062723c751e8b465ee728b)  -> (artifact id: '68af27e0a4b503cfddeee1eec2584bd9') in 0.008449 seconds 
========================================================================
Received Import Request.
  Time since last request: 0.000060 seconds.
  path: Assets/Brick Project Studio/Apartment Kit/Common/Textures/Surface/Burlap_01_A.png
  artifactKey: Guid(3e34cde6de0ecce4183b7f04b0d704ae) Importer(815301076,1909f56bfc062723c751e8b465ee728b)
Start importing Assets/Brick Project Studio/Apartment Kit/Common/Textures/Surface/Burlap_01_A.png using Guid(3e34cde6de0ecce4183b7f04b0d704ae) Importer(815301076,1909f56bfc062723c751e8b465ee728b)  -> (artifact id: '883f9c0e72b519c8680837f1bcf69396') in 0.016010 seconds 
========================================================================
Received Import Request.
  Time since last request: 0.000054 seconds.
  path: Assets/Samples/Ultraleap Tracking/6.9.0/Examples/Example Assets/Font/Now-Black.otf
  artifactKey: Guid(616f159b2fa991948b4bd1afe333758d) Importer(815301076,1909f56bfc062723c751e8b465ee728b)
Start importing Assets/Samples/Ultraleap Tracking/6.9.0/Examples/Example Assets/Font/Now-Black.otf using Guid(616f159b2fa991948b4bd1afe333758d) Importer(815301076,1909f56bfc062723c751e8b465ee728b)  -> (artifact id: '7d3dbdde37627f4680f315b635d37ff1') in 0.013209 seconds 
========================================================================
Received Import Request.
  Time since last request: 0.000036 seconds.
  path: Packages/com.unity.collab-proxy/Editor/PlasticSCM/Assets/Images/iconbranch.png
  artifactKey: Guid(a6219d44b6fc910449f7c3fee45db5c5) Importer(815301076,1909f56bfc062723c751e8b465ee728b)
Start importing Packages/com.unity.collab-proxy/Editor/PlasticSCM/Assets/Images/iconbranch.png using Guid(a6219d44b6fc910449f7c3fee45db5c5) Importer(815301076,1909f56bfc062723c751e8b465ee728b)  -> (artifact id: 'bfe8bffa4633c9aed63a45b1357800a1') in 0.008757 seconds 
========================================================================
Received Import Request.
  Time since last request: 0.000049 seconds.
  path: Assets/Brick Project Studio/Apartment Kit/Common/Textures/Misc/Chessboard_01_A.png
  artifactKey: Guid(e7725636445a48443a0910445b125cf3) Importer(815301076,1909f56bfc062723c751e8b465ee728b)
Start importing Assets/Brick Project Studio/Apartment Kit/Common/Textures/Misc/Chessboard_01_A.png using Guid(e7725636445a48443a0910445b125cf3) Importer(815301076,1909f56bfc062723c751e8b465ee728b)  -> (artifact id: '06c7f84f494a74725a83cc39f177f3f0') in 0.019701 seconds 
========================================================================
Received Import Request.
  Time since last request: 0.000023 seconds.
  path: Packages/com.unity.collab-proxy/Editor/PlasticSCM/Assets/Images/d_iconaddedoverlay@2x.png
  artifactKey: Guid(a6fbd5a181bc51e42a61a73fe8d727c8) Importer(815301076,1909f56bfc062723c751e8b465ee728b)
Start importing Packages/com.unity.collab-proxy/Editor/PlasticSCM/Assets/Images/d_iconaddedoverlay@2x.png using Guid(a6fbd5a181bc51e42a61a73fe8d727c8) Importer(815301076,1909f56bfc062723c751e8b465ee728b)  -> (artifact id: '1410135782e64c587b50fc031d53aeea') in 0.016099 seconds 
========================================================================
Received Import Request.
  Time since last request: 0.000026 seconds.
  path: Assets/Brick Project Studio/Apartment Kit/Common/Textures/Surface/Burlap_01_N.png
  artifactKey: Guid(b13557c917cf5be438e42271983d16fc) Importer(815301076,1909f56bfc062723c751e8b465ee728b)
Start importing Assets/Brick Project Studio/Apartment Kit/Common/Textures/Surface/Burlap_01_N.png using Guid(b13557c917cf5be438e42271983d16fc) Importer(815301076,1909f56bfc062723c751e8b465ee728b)  -> (artifact id: 'cd9408721023f3f755d69a3d3db85f59') in 0.022599 seconds 
========================================================================
Received Import Request.
  Time since last request: 0.000059 seconds.
  path: Assets/Brick Project Studio/Apartment Kit/Common/Textures/Surface/BrushedMetal_N.png
  artifactKey: Guid(9c068687252a67747a8ff9e098cbf47b) Importer(815301076,1909f56bfc062723c751e8b465ee728b)
Start importing Assets/Brick Project Studio/Apartment Kit/Common/Textures/Surface/BrushedMetal_N.png using Guid(9c068687252a67747a8ff9e098cbf47b) Importer(815301076,1909f56bfc062723c751e8b465ee728b)  -> (artifact id: 'd50507a90d07f918f8163711cd804db1') in 0.011141 seconds 
========================================================================
Received Import Request.
  Time since last request: 0.000044 seconds.
  path: Packages/com.unity.timeline/Editor/StyleSheets/Images/Icons/d_TrackMuteButtonEnabled.png
  artifactKey: Guid(ac5017dfbeee42347b3b45ecc572674e) Importer(815301076,1909f56bfc062723c751e8b465ee728b)
Start importing Packages/com.unity.timeline/Editor/StyleSheets/Images/Icons/d_TrackMuteButtonEnabled.png using Guid(ac5017dfbeee42347b3b45ecc572674e) Importer(815301076,1909f56bfc062723c751e8b465ee728b)  -> (artifact id: 'e4c45f2ff818563abfdf0762c575fbe3') in 0.008531 seconds 
========================================================================
Received Import Request.
  Time since last request: 0.000026 seconds.
  path: Packages/com.unity.collab-proxy/Editor/PlasticSCM/Assets/Images/d_iconemptygravatar@2x.png
  artifactKey: Guid(0ac55f9f886d827408c102bdf33c5ff7) Importer(815301076,1909f56bfc062723c751e8b465ee728b)
Start importing Packages/com.unity.collab-proxy/Editor/PlasticSCM/Assets/Images/d_iconemptygravatar@2x.png using Guid(0ac55f9f886d827408c102bdf33c5ff7) Importer(815301076,1909f56bfc062723c751e8b465ee728b)  -> (artifact id: '5c3355488094a92788d104618eafd286') in 0.012531 seconds 
========================================================================
Received Import Request.
  Time since last request: 0.000051 seconds.
  path: Packages/com.unity.timeline/Editor/StyleSheets/Images/Icons/d_TrackAvatarButtonDisabled.png
  artifactKey: Guid(91746a504b59769439bb2749c314d231) Importer(815301076,1909f56bfc062723c751e8b465ee728b)
Start importing Packages/com.unity.timeline/Editor/StyleSheets/Images/Icons/d_TrackAvatarButtonDisabled.png using Guid(91746a504b59769439bb2749c314d231) Importer(815301076,1909f56bfc062723c751e8b465ee728b)  -> (artifact id: 'd1f668933c55918417115c1aa20af1de') in 0.010724 seconds 
========================================================================
Received Import Request.
  Time since last request: 0.000028 seconds.
  path: Packages/com.unity.timeline/Editor/StyleSheets/Images/Icons/d_TrackLockButtonEnabled@2x.png
  artifactKey: Guid(2c85066ea99cfbe4f90294bf295ce543) Importer(815301076,1909f56bfc062723c751e8b465ee728b)
Start importing Packages/com.unity.timeline/Editor/StyleSheets/Images/Icons/d_TrackLockButtonEnabled@2x.png using Guid(2c85066ea99cfbe4f90294bf295ce543) Importer(815301076,1909f56bfc062723c751e8b465ee728b)  -> (artifact id: '0800d8af4debd6c3ce8169e675965f8f') in 0.010936 seconds 
========================================================================
Received Import Request.
  Time since last request: 0.000027 seconds.
  path: Assets/Brick Project Studio/_BPS Basic Assets/Common/Textures/Basic Asset/Ext_BA_01.png
  artifactKey: Guid(557d00f8839f23f4d9300672c1aa5d58) Importer(815301076,1909f56bfc062723c751e8b465ee728b)
Start importing Assets/Brick Project Studio/_BPS Basic Assets/Common/Textures/Basic Asset/Ext_BA_01.png using Guid(557d00f8839f23f4d9300672c1aa5d58) Importer(815301076,1909f56bfc062723c751e8b465ee728b)  -> (artifact id: '68320b5423d5153ffc72e0783f172992') in 0.041631 seconds 
========================================================================
Received Import Request.
  Time since last request: 0.000029 seconds.
  path: Assets/Brick Project Studio/Apartment Kit/Common/Textures/Surface/FabricShadeGlow_A.png
  artifactKey: Guid(7a64650033ac05447acbadbe68bf5324) Importer(815301076,1909f56bfc062723c751e8b465ee728b)
Start importing Assets/Brick Project Studio/Apartment Kit/Common/Textures/Surface/FabricShadeGlow_A.png using Guid(7a64650033ac05447acbadbe68bf5324) Importer(815301076,1909f56bfc062723c751e8b465ee728b)  -> (artifact id: 'e1ed91f2cb93f7500d09cfd0f8251781') in 0.013569 seconds 
========================================================================
Received Import Request.
  Time since last request: 0.000022 seconds.
  path: Packages/com.unity.collab-proxy/Editor/PlasticSCM/Assets/Images/d_refresh@2x.png
  artifactKey: Guid(602b72d4617c3694aa94419fc1b68e04) Importer(815301076,1909f56bfc062723c751e8b465ee728b)
Start importing Packages/com.unity.collab-proxy/Editor/PlasticSCM/Assets/Images/d_refresh@2x.png using Guid(602b72d4617c3694aa94419fc1b68e04) Importer(815301076,1909f56bfc062723c751e8b465ee728b)  -> (artifact id: '2d4e10ecb81c88a0b82ae9be810df790') in 0.008939 seconds 
========================================================================
Received Import Request.
  Time since last request: 0.000026 seconds.
  path: Packages/com.unity.timeline/Editor/StyleSheets/Images/Icons/d_TrackRecordButtonDisabled.png
  artifactKey: Guid(9c6daec86666cbb4b9e558b839a103db) Importer(815301076,1909f56bfc062723c751e8b465ee728b)
Start importing Packages/com.unity.timeline/Editor/StyleSheets/Images/Icons/d_TrackRecordButtonDisabled.png using Guid(9c6daec86666cbb4b9e558b839a103db) Importer(815301076,1909f56bfc062723c751e8b465ee728b)  -> (artifact id: '6bb5771e3403bd30962d27a43b0c08f9') in 0.010587 seconds 
========================================================================
Received Import Request.
  Time since last request: 0.000062 seconds.
  path: Assets/Brick Project Studio/Apartment Kit/Common/Textures/Misc/DoorMat_01_A.png
  artifactKey: Guid(0db0ab6731c66044c84b00e0d891778e) Importer(815301076,1909f56bfc062723c751e8b465ee728b)
Start importing Assets/Brick Project Studio/Apartment Kit/Common/Textures/Misc/DoorMat_01_A.png using Guid(0db0ab6731c66044c84b00e0d891778e) Importer(815301076,1909f56bfc062723c751e8b465ee728b)  -> (artifact id: 'ff6d3b20c5d4e98431ca8fd08e93d159') in 0.015549 seconds 
========================================================================
Received Import Request.
  Time since last request: 0.000032 seconds.
  path: Assets/Brick Project Studio/_BPS Basic Assets/Common/Textures/Legacy/ceiling_normal.png
  artifactKey: Guid(618a287d815fdfe4396cbe668c8296d2) Importer(815301076,1909f56bfc062723c751e8b465ee728b)
Start importing Assets/Brick Project Studio/_BPS Basic Assets/Common/Textures/Legacy/ceiling_normal.png using Guid(618a287d815fdfe4396cbe668c8296d2) Importer(815301076,1909f56bfc062723c751e8b465ee728b)  -> (artifact id: '8c72152fef5614986738d11d4ad4c5ce') in 0.018395 seconds 
========================================================================
Received Import Request.
  Time since last request: 0.000029 seconds.
  path: Assets/Brick Project Studio/Apartment Kit/Common/Textures/Misc/DoorMat_01_N.png
  artifactKey: Guid(48c0f9d0cc125f34a86acacfc45992b1) Importer(815301076,1909f56bfc062723c751e8b465ee728b)
Start importing Assets/Brick Project Studio/Apartment Kit/Common/Textures/Misc/DoorMat_01_N.png using Guid(48c0f9d0cc125f34a86acacfc45992b1) Importer(815301076,1909f56bfc062723c751e8b465ee728b)  -> (artifact id: '9b5ced9781531e33e963fa336425efbf') in 0.019858 seconds 
========================================================================
Received Import Request.
  Time since last request: 0.000035 seconds.
  path: Assets/Brick Project Studio/_BPS Basic Assets/Common/Textures/Legacy/ceiling.png
  artifactKey: Guid(2a909c6b0c3249d4b8fc74ae5d6d52dd) Importer(815301076,1909f56bfc062723c751e8b465ee728b)
Start importing Assets/Brick Project Studio/_BPS Basic Assets/Common/Textures/Legacy/ceiling.png using Guid(2a909c6b0c3249d4b8fc74ae5d6d52dd) Importer(815301076,1909f56bfc062723c751e8b465ee728b)  -> (artifact id: '767b6076771a2c3305dca4d992d3026d') in 0.018386 seconds 
========================================================================
Received Import Request.
  Time since last request: 0.000069 seconds.
  path: Packages/com.unity.collab-proxy/Editor/PlasticSCM/Assets/Images/iconaddedlocal.png
  artifactKey: Guid(9a1ab8af8c446204e989a90f18305caf) Importer(815301076,1909f56bfc062723c751e8b465ee728b)
Start importing Packages/com.unity.collab-proxy/Editor/PlasticSCM/Assets/Images/iconaddedlocal.png using Guid(9a1ab8af8c446204e989a90f18305caf) Importer(815301076,1909f56bfc062723c751e8b465ee728b)  -> (artifact id: 'f5e0a5aab4ea404e2e9be391dd5b1dae') in 0.016351 seconds 
========================================================================
Received Import Request.
  Time since last request: 0.000078 seconds.
  path: Packages/com.unity.collab-proxy/Editor/PlasticSCM/Assets/Images/d_iconundo@2x.png
  artifactKey: Guid(6d6088174bb906b49ad8428526ee337b) Importer(815301076,1909f56bfc062723c751e8b465ee728b)
Start importing Packages/com.unity.collab-proxy/Editor/PlasticSCM/Assets/Images/d_iconundo@2x.png using Guid(6d6088174bb906b49ad8428526ee337b) Importer(815301076,1909f56bfc062723c751e8b465ee728b)  -> (artifact id: '9489f1b10e8b72711bd132858027cab4') in 0.016465 seconds 
========================================================================
Received Import Request.
  Time since last request: 0.000049 seconds.
  path: Assets/Brick Project Studio/Apartment Kit/Common/Textures/Misc/Art_01.png
  artifactKey: Guid(0f1b5ed9b2e96bf4d9b64957fd9b3a2a) Importer(815301076,1909f56bfc062723c751e8b465ee728b)
Start importing Assets/Brick Project Studio/Apartment Kit/Common/Textures/Misc/Art_01.png using Guid(0f1b5ed9b2e96bf4d9b64957fd9b3a2a) Importer(815301076,1909f56bfc062723c751e8b465ee728b)  -> (artifact id: '10021e6ebbaccc1e3d8b4778b092e414') in 0.016847 seconds 
========================================================================
Received Import Request.
  Time since last request: 0.000105 seconds.
  path: Packages/com.unity.textmeshpro/Editor Resources/Textures/btn_AlignBottom_Light.psd
  artifactKey: Guid(585b70cb75dd43efbfead809c30a1731) Importer(815301076,1909f56bfc062723c751e8b465ee728b)
Start importing Packages/com.unity.textmeshpro/Editor Resources/Textures/btn_AlignBottom_Light.psd using Guid(585b70cb75dd43efbfead809c30a1731) Importer(815301076,1909f56bfc062723c751e8b465ee728b)  -> (artifact id: '84c93addc0c53c1123c7bc9e254ff4b1') in 0.014646 seconds 
========================================================================
Received Import Request.
  Time since last request: 0.000055 seconds.
  path: Packages/com.unity.collab-proxy/Editor/PlasticSCM/Assets/Images/buttonssosigninemail@2x.png
  artifactKey: Guid(ddf2e76e8a1f88f46ae1e42277850b48) Importer(815301076,1909f56bfc062723c751e8b465ee728b)
Start importing Packages/com.unity.collab-proxy/Editor/PlasticSCM/Assets/Images/buttonssosigninemail@2x.png using Guid(ddf2e76e8a1f88f46ae1e42277850b48) Importer(815301076,1909f56bfc062723c751e8b465ee728b)  -> (artifact id: '31870edcf8bcd99ad97775ec0ad9127e') in 0.016375 seconds 
========================================================================
Received Import Request.
  Time since last request: 0.000052 seconds.
  path: Assets/Brick Project Studio/Apartment Kit/Common/Textures/Interior Exterior/Ext_Apt_WallFloor_01_N.png
  artifactKey: Guid(0291337013d67bd4ca83920be0c11749) Importer(815301076,1909f56bfc062723c751e8b465ee728b)
Start importing Assets/Brick Project Studio/Apartment Kit/Common/Textures/Interior Exterior/Ext_Apt_WallFloor_01_N.png using Guid(0291337013d67bd4ca83920be0c11749) Importer(815301076,1909f56bfc062723c751e8b465ee728b)  -> (artifact id: 'e9b7a02774a941bcff3f00af394ff7d3') in 0.052625 seconds 
========================================================================
Received Import Request.
  Time since last request: 0.000024 seconds.
  path: Packages/com.unity.collab-proxy/Editor/PlasticSCM/Assets/Images/d_loading@2x.png
  artifactKey: Guid(7ee48c5fba4919649a8a6094cbead669) Importer(815301076,1909f56bfc062723c751e8b465ee728b)
Start importing Packages/com.unity.collab-proxy/Editor/PlasticSCM/Assets/Images/d_loading@2x.png using Guid(7ee48c5fba4919649a8a6094cbead669) Importer(815301076,1909f56bfc062723c751e8b465ee728b)  -> (artifact id: '4287677ca70162d09e809494ec59600e') in 0.010698 seconds 
========================================================================
Received Import Request.
  Time since last request: 0.000020 seconds.
  path: Assets/Brick Project Studio/Apartment Kit/Common/Textures/Misc/Colors_apt.png
  artifactKey: Guid(a7a36494f99a45a4ba843833f39659a0) Importer(815301076,1909f56bfc062723c751e8b465ee728b)
Start importing Assets/Brick Project Studio/Apartment Kit/Common/Textures/Misc/Colors_apt.png using Guid(a7a36494f99a45a4ba843833f39659a0) Importer(815301076,1909f56bfc062723c751e8b465ee728b)  -> (artifact id: '06a75f070b266906d454b0022b3ff6a9') in 0.013837 seconds 
========================================================================
Received Import Request.
  Time since last request: 0.000089 seconds.
  path: Packages/com.unity.collab-proxy/Editor/PlasticSCM/Assets/Images/iconaddedlocal@2x.png
  artifactKey: Guid(a67b58d6cddcd4345b1e001340de5a76) Importer(815301076,1909f56bfc062723c751e8b465ee728b)
Start importing Packages/com.unity.collab-proxy/Editor/PlasticSCM/Assets/Images/iconaddedlocal@2x.png using Guid(a67b58d6cddcd4345b1e001340de5a76) Importer(815301076,1909f56bfc062723c751e8b465ee728b)  -> (artifact id: '44c11ff7046ec4320bb932c364569e81') in 0.010388 seconds 
========================================================================
Received Import Request.
  Time since last request: 0.000034 seconds.
  path: Assets/Brick Project Studio/Apartment Kit/Common/Textures/Surface/FabricShadeGlow_N.png
  artifactKey: Guid(3589673dae3d8704aac5304d2d3dcf2f) Importer(815301076,1909f56bfc062723c751e8b465ee728b)
Start importing Assets/Brick Project Studio/Apartment Kit/Common/Textures/Surface/FabricShadeGlow_N.png using Guid(3589673dae3d8704aac5304d2d3dcf2f) Importer(815301076,1909f56bfc062723c751e8b465ee728b)  -> (artifact id: '385097ac8cb976703dfcab7fcf2cf437') in 0.013648 seconds 
========================================================================
Received Import Request.
  Time since last request: 0.000038 seconds.
  path: Packages/com.unity.timeline/Editor/StyleSheets/Images/Icons/d_TrackMarkerButtonDisabled@2x.png
  artifactKey: Guid(77d926c9a4ddcc940b8c000b45cbfb35) Importer(815301076,1909f56bfc062723c751e8b465ee728b)
Start importing Packages/com.unity.timeline/Editor/StyleSheets/Images/Icons/d_TrackMarkerButtonDisabled@2x.png using Guid(77d926c9a4ddcc940b8c000b45cbfb35) Importer(815301076,1909f56bfc062723c751e8b465ee728b)  -> (artifact id: 'cf3414fca4fb95afda013f9f73bf864e') in 0.010942 seconds 
========================================================================
Received Import Request.
  Time since last request: 0.000053 seconds.
  path: Assets/Brick Project Studio/Apartment Kit/Common/Textures/Surface/BrushedMetal_M.png
  artifactKey: Guid(7d8b61015f4f2cc40a1c32a2791bfa3d) Importer(815301076,1909f56bfc062723c751e8b465ee728b)
Start importing Assets/Brick Project Studio/Apartment Kit/Common/Textures/Surface/BrushedMetal_M.png using Guid(7d8b61015f4f2cc40a1c32a2791bfa3d) Importer(815301076,1909f56bfc062723c751e8b465ee728b)  -> (artifact id: '45baa228ea418384148f192013dedb23') in 0.010948 seconds 
========================================================================
Received Import Request.
  Time since last request: 0.000075 seconds.
  path: Assets/Brick Project Studio/_BPS Basic Assets/Common/Textures/Legacy/Concrete-bump.png
  artifactKey: Guid(6f12722191c711042a077c553e272e01) Importer(815301076,1909f56bfc062723c751e8b465ee728b)
Start importing Assets/Brick Project Studio/_BPS Basic Assets/Common/Textures/Legacy/Concrete-bump.png using Guid(6f12722191c711042a077c553e272e01) Importer(815301076,1909f56bfc062723c751e8b465ee728b)  -> (artifact id: '806b734f7c343da31fa492f096b8d898') in 0.010662 seconds 
========================================================================
Received Import Request.
  Time since last request: 0.000028 seconds.
  path: Packages/com.unity.timeline/Editor/StyleSheets/Images/Icons/d_TrackMuteButtonEnabled@2x.png
  artifactKey: Guid(e54e20c7a9730fe4c822d63228527ae4) Importer(815301076,1909f56bfc062723c751e8b465ee728b)
Start importing Packages/com.unity.timeline/Editor/StyleSheets/Images/Icons/d_TrackMuteButtonEnabled@2x.png using Guid(e54e20c7a9730fe4c822d63228527ae4) Importer(815301076,1909f56bfc062723c751e8b465ee728b)  -> (artifact id: '0bbb3e98e7a288b96f5383bae4184513') in 0.009759 seconds 
========================================================================
Received Import Request.
  Time since last request: 0.000022 seconds.
  path: Assets/Brick Project Studio/_BPS Basic Assets/Common/Textures/Basic Asset/BA_leather_N.png
  artifactKey: Guid(bba906a60a6f55441b3ab8088f837cf7) Importer(815301076,1909f56bfc062723c751e8b465ee728b)
Start importing Assets/Brick Project Studio/_BPS Basic Assets/Common/Textures/Basic Asset/BA_leather_N.png using Guid(bba906a60a6f55441b3ab8088f837cf7) Importer(815301076,1909f56bfc062723c751e8b465ee728b)  -> (artifact id: 'e5164a80300c68d530be9531f826dab2') in 0.019092 seconds 
========================================================================
Received Import Request.
  Time since last request: 0.000023 seconds.
  path: Packages/com.unity.textmeshpro/Editor Resources/Textures/btn_AlignRight_Light.psd
  artifactKey: Guid(e05ace3bd15740cda0bad60d89092a5b) Importer(815301076,1909f56bfc062723c751e8b465ee728b)
Start importing Packages/com.unity.textmeshpro/Editor Resources/Textures/btn_AlignRight_Light.psd using Guid(e05ace3bd15740cda0bad60d89092a5b) Importer(815301076,1909f56bfc062723c751e8b465ee728b)  -> (artifact id: '832d4cc9414813d3e178d9cbba4ba895') in 0.009206 seconds 
========================================================================
Received Import Request.
  Time since last request: 0.000038 seconds.
  path: Assets/Brick Project Studio/_BPS Basic Assets/Common/Textures/Legacy/Concrete-texture.png
  artifactKey: Guid(07abea599341a1742aa622a72461e995) Importer(815301076,1909f56bfc062723c751e8b465ee728b)
Start importing Assets/Brick Project Studio/_BPS Basic Assets/Common/Textures/Legacy/Concrete-texture.png using Guid(07abea599341a1742aa622a72461e995) Importer(815301076,1909f56bfc062723c751e8b465ee728b)  -> (artifact id: 'bebd87432617c23942a6ff8b8b8d8be6') in 0.013971 seconds 
========================================================================
Received Import Request.
  Time since last request: 0.000020 seconds.
  path: Assets/Brick Project Studio/_BPS Basic Assets/Common/Textures/Legacy/Floor.png
  artifactKey: Guid(ca6c7e19f0ffcd348961b68ecb61461c) Importer(815301076,1909f56bfc062723c751e8b465ee728b)
Start importing Assets/Brick Project Studio/_BPS Basic Assets/Common/Textures/Legacy/Floor.png using Guid(ca6c7e19f0ffcd348961b68ecb61461c) Importer(815301076,1909f56bfc062723c751e8b465ee728b)  -> (artifact id: '0bc036c165713de5541a8e0047e215e6') in 0.011450 seconds 
========================================================================
Received Import Request.
  Time since last request: 0.000141 seconds.
  path: Assets/Brick Project Studio/Apartment Kit/Common/Textures/Misc/Colors_apt_02_N.png
  artifactKey: Guid(5ab1704465c86f547adfee08c8bf0327) Importer(815301076,1909f56bfc062723c751e8b465ee728b)
Start importing Assets/Brick Project Studio/Apartment Kit/Common/Textures/Misc/Colors_apt_02_N.png using Guid(5ab1704465c86f547adfee08c8bf0327) Importer(815301076,1909f56bfc062723c751e8b465ee728b)  -> (artifact id: '7234b1bf82ca72964127b6a752a4491e') in 0.015461 seconds 
========================================================================
Received Import Request.
  Time since last request: 0.000024 seconds.
  path: Assets/Brick Project Studio/Apartment Kit/Common/Textures/Surface/Fabric_01_A.png
  artifactKey: Guid(e9783abdcac23084985c08e4d4dade3b) Importer(815301076,1909f56bfc062723c751e8b465ee728b)
Start importing Assets/Brick Project Studio/Apartment Kit/Common/Textures/Surface/Fabric_01_A.png using Guid(e9783abdcac23084985c08e4d4dade3b) Importer(815301076,1909f56bfc062723c751e8b465ee728b)  -> (artifact id: '96858c38f4865cd8e10b8ff24781f0fd') in 0.012128 seconds 
========================================================================
Received Import Request.
  Time since last request: 0.000022 seconds.
  path: Assets/Brick Project Studio/Apartment Kit/Common/Textures/Misc/GameConsole_01_A.png
  artifactKey: Guid(074c28f4b5334064caf66caa002ae822) Importer(815301076,1909f56bfc062723c751e8b465ee728b)
Start importing Assets/Brick Project Studio/Apartment Kit/Common/Textures/Misc/GameConsole_01_A.png using Guid(074c28f4b5334064caf66caa002ae822) Importer(815301076,1909f56bfc062723c751e8b465ee728b)  -> (artifact id: '9ec4721b4e4b1f2d94349f5846b5032e') in 0.014684 seconds 
========================================================================
Received Import Request.
  Time since last request: 0.000026 seconds.
  path: Packages/com.unity.textmeshpro/Editor Resources/Textures/btn_AlignBottom.psd
  artifactKey: Guid(ca51b19024094d1b87f3e07edb0a75fb) Importer(815301076,1909f56bfc062723c751e8b465ee728b)
Start importing Packages/com.unity.textmeshpro/Editor Resources/Textures/btn_AlignBottom.psd using Guid(ca51b19024094d1b87f3e07edb0a75fb) Importer(815301076,1909f56bfc062723c751e8b465ee728b)  -> (artifact id: 'dc6571efc5391c1ecf2fd0125034f599') in 0.013018 seconds 
========================================================================
Received Import Request.
  Time since last request: 0.000042 seconds.
  path: Assets/Brick Project Studio/_BPS Basic Assets/Common/Textures/Basic Asset/BA_Metal_Brushed_01_A.png
  artifactKey: Guid(5f5dd08795363b04f8b9c1c6f2ca0ade) Importer(815301076,1909f56bfc062723c751e8b465ee728b)
Start importing Assets/Brick Project Studio/_BPS Basic Assets/Common/Textures/Basic Asset/BA_Metal_Brushed_01_A.png using Guid(5f5dd08795363b04f8b9c1c6f2ca0ade) Importer(815301076,1909f56bfc062723c751e8b465ee728b)  -> (artifact id: 'c234f419ee88ceb4fc3fda097c1eda60') in 0.011169 seconds 
========================================================================
Received Import Request.
  Time since last request: 0.000076 seconds.
  path: Assets/Brick Project Studio/Apartment Kit/Common/Textures/Misc/Art_02.png
  artifactKey: Guid(121839de2ecea004995db9f7c5645295) Importer(815301076,1909f56bfc062723c751e8b465ee728b)
Start importing Assets/Brick Project Studio/Apartment Kit/Common/Textures/Misc/Art_02.png using Guid(121839de2ecea004995db9f7c5645295) Importer(815301076,1909f56bfc062723c751e8b465ee728b)  -> (artifact id: '0568ff299f45acc5255518b378c21c01') in 0.013490 seconds 
========================================================================
Received Import Request.
  Time since last request: 0.000026 seconds.
  path: Packages/com.unity.textmeshpro/Editor Resources/Textures/btn_AlignTop.psd
  artifactKey: Guid(48d034c499ee4697af9dd6e327110249) Importer(815301076,1909f56bfc062723c751e8b465ee728b)
Start importing Packages/com.unity.textmeshpro/Editor Resources/Textures/btn_AlignTop.psd using Guid(48d034c499ee4697af9dd6e327110249) Importer(815301076,1909f56bfc062723c751e8b465ee728b)  -> (artifact id: 'b3d91aa6c4ad65d247ecc4b82033f055') in 0.012520 seconds 
========================================================================
Received Import Request.
  Time since last request: 0.000036 seconds.
  path: Assets/Brick Project Studio/_BPS Basic Assets/Common/Textures/Basic Asset/BA_Marble_01_A.png
  artifactKey: Guid(533e69acad2a4a24fb387ac1f4a2548f) Importer(815301076,1909f56bfc062723c751e8b465ee728b)
Start importing Assets/Brick Project Studio/_BPS Basic Assets/Common/Textures/Basic Asset/BA_Marble_01_A.png using Guid(533e69acad2a4a24fb387ac1f4a2548f) Importer(815301076,1909f56bfc062723c751e8b465ee728b)  -> (artifact id: 'a8bb5ba43fd99b6792188ce437eaf122') in 0.009579 seconds 
========================================================================
Received Import Request.
  Time since last request: 0.000036 seconds.
  path: Packages/com.unity.textmeshpro/Editor Resources/Textures/btn_AlignCapLine_Light.psd
  artifactKey: Guid(49679f302ac6408697f6b9314a38985c) Importer(815301076,1909f56bfc062723c751e8b465ee728b)
Start importing Packages/com.unity.textmeshpro/Editor Resources/Textures/btn_AlignCapLine_Light.psd using Guid(49679f302ac6408697f6b9314a38985c) Importer(815301076,1909f56bfc062723c751e8b465ee728b)  -> (artifact id: 'c3024feaab0e6609c5bd1235602e23ab') in 0.010656 seconds 
========================================================================
Received Import Request.
  Time since last request: 0.000035 seconds.
  path: Assets/Brick Project Studio/_BPS Basic Assets/Common/Textures/Fire/Fire_Texture_02_ADD.tga
  artifactKey: Guid(e3fbc8a570c365347b4caff594f25a12) Importer(815301076,1909f56bfc062723c751e8b465ee728b)
Start importing Assets/Brick Project Studio/_BPS Basic Assets/Common/Textures/Fire/Fire_Texture_02_ADD.tga using Guid(e3fbc8a570c365347b4caff594f25a12) Importer(815301076,1909f56bfc062723c751e8b465ee728b)  -> (artifact id: '2f202208f4f0b8d4f080249266c01e03') in 0.011361 seconds 
========================================================================
Received Import Request.
  Time since last request: 0.000024 seconds.
  path: Assets/Samples/Ultraleap Tracking/6.9.0/Examples/Example Assets/Font/Now-Medium.otf
  artifactKey: Guid(bf0143070710ad240a46cd716c21f39f) Importer(815301076,1909f56bfc062723c751e8b465ee728b)
Start importing Assets/Samples/Ultraleap Tracking/6.9.0/Examples/Example Assets/Font/Now-Medium.otf using Guid(bf0143070710ad240a46cd716c21f39f) Importer(815301076,1909f56bfc062723c751e8b465ee728b)  -> (artifact id: 'ac59c0f204563c28cbdc148d2bbb645f') in 0.015589 seconds 
